#
# A fatal error has been detected by the Java Runtime Environment:
#
#  SIGSEGV (0xb) at pc=0x00000001055f9309, pid=1977, tid=16643
#
# JRE version: Java(TM) SE Runtime Environment (8.0_65-b17) (build 1.8.0_65-b17)
# Java VM: Java HotSpot(TM) 64-Bit Server VM (25.65-b01 mixed mode bsd-amd64 compressed oops)
# Problematic frame:
# V  [libjvm.dylib+0x161309]
#
# Failed to write core dump. Core dumps have been disabled. To enable core dumping, try "ulimit -c unlimited" before starting Java again
#
# If you would like to submit a bug report, please visit:
#   http://bugreport.java.com/bugreport/crash.jsp
#

---------------  T H R E A D  ---------------

Current thread (0x00007fc2da021800):  JavaThread "C2 CompilerThread0" daemon [_thread_in_native, id=16643, stack(0x0000700000ab8000,0x0000700000bb8000)]

siginfo: si_signo: 11 (SIGSEGV), si_code: 1 (SEGV_MAPERR), si_addr: 0x0000000005d6d144

Registers:
RAX=0x0000000005d6d130, RBX=0x0000000000000005, RCX=0x00000000000000a2, RDX=0x0000000000000004
RSP=0x0000700000bb4400, RBP=0x0000700000bb4410, RSI=0x00000000000019a2, RDI=0x000000011c743150
R8 =0x0000000000000019, R9 =0x0000000000000001, R10=0x0000000000000000, R11=0xffffffff00000000
R12=0x0000000000001c82, R13=0x0000700000bb48f8, R14=0x000000011c743150, R15=0x000000011c59c518
RIP=0x00000001055f9309, EFLAGS=0x0000000000010206, ERR=0x0000000000000004
  TRAPNO=0x000000000000000e

Top of Stack: (sp=0x0000700000bb4400)
0x0000700000bb4400:   0000000000001c82 0000700000bb54f8
0x0000700000bb4410:   0000700000bb4480 0000000105743fb3
0x0000700000bb4420:   000019a500000000 0000000100000006
0x0000700000bb4430:   00007fc2d9bca9a0 000000000000001a
0x0000700000bb4440:   00007fc2d9bcaa70 0000000100000029
0x0000700000bb4450:   0000700000bb4668 000000011c4e3010
0x0000700000bb4460:   000000011c4e3010 000000011c581e98
0x0000700000bb4470:   0000000000000019 000000000009ee50
0x0000700000bb4480:   0000700000bb4730 0000000105744dc8
0x0000700000bb4490:   0000000000007fe8 00000000000004a4
0x0000700000bb44a0:   00007fc2da3f6be0 000000040553d6c4
0x0000700000bb44b0:   0000000000001c82 00000005059fca85
0x0000700000bb44c0:   0000001f00000003 00007fc2d9b634c0
0x0000700000bb44d0:   0000000100bb44f0 02000001fffffffe
0x0000700000bb44e0:   000000011c516148 000000011c516150
0x0000700000bb44f0:   000000011c516158 000000011c516160
0x0000700000bb4500:   00007fc2da3f6bd0 000000011c5c7960
0x0000700000bb4510:   0000000000000000 0000000000000000
0x0000700000bb4520:   000000011c5c7968 0000000000000000
0x0000700000bb4530:   000000011c5c7970 ffffffffffffffff
0x0000700000bb4540:   000000011c5c7978 ffffffffffffffff
0x0000700000bb4550:   0000700000bb54f8 0000000000000000
0x0000700000bb4560:   3f2d3b89a0000000 00000000000b94d0
0x0000700000bb4570:   0000000000300000 0000000000000000
0x0000700000bb4580:   0000000000000000 0000000000000000
0x0000700000bb4590:   0000000000000000 0000232f00000000
0x0000700000bb45a0:   0000000000000008 00007fc2d9bca940
0x0000700000bb45b0:   00007fc200000029 00007fc2d9bcaa70
0x0000700000bb45c0:   00007fc200000029 0000700000bb4668
0x0000700000bb45d0:   0303030300000000 0303030303030303
0x0000700000bb45e0:   0000000003030303 0000000000000000
0x0000700000bb45f0:   0000000000000000 0000000005055455 

Instructions: (pc=0x00000001055f9309)
0x00000001055f92e9:   05 22 ef 69 00 75 0a 4c 89 f7 89 de e8 c4 f2 14
0x00000001055f92f9:   00 88 d9 ba 01 00 00 00 d3 e2 c1 eb 05 83 e3 07
0x00000001055f9309:   8b 0c 98 89 ce 09 d6 89 34 98 21 ca 75 03 41 ff
0x00000001055f9319:   06 85 d2 0f 94 c0 0f b6 c0 eb 02 31 c0 5b 41 5e 

Register to memory mapping:

RAX=0x0000000005d6d130 is an unknown value
RBX=0x0000000000000005 is an unknown value
RCX=0x00000000000000a2 is an unknown value
RDX=0x0000000000000004 is an unknown value
RSP=0x0000700000bb4400 is pointing into the stack for thread: 0x00007fc2da021800
RBP=0x0000700000bb4410 is pointing into the stack for thread: 0x00007fc2da021800
RSI=0x00000000000019a2 is an unknown value
RDI=0x000000011c743150 is an unknown value
R8 =0x0000000000000019 is an unknown value
R9 =0x0000000000000001 is an unknown value
R10=0x0000000000000000 is an unknown value
R11=0xffffffff00000000 is an unknown value
R12=0x0000000000001c82 is an unknown value
R13=0x0000700000bb48f8 is pointing into the stack for thread: 0x00007fc2da021800
R14=0x000000011c743150 is an unknown value
R15=0x000000011c59c518 is an unknown value


Stack: [0x0000700000ab8000,0x0000700000bb8000],  sp=0x0000700000bb4400,  free space=1009k
Native frames: (J=compiled Java code, j=interpreted, Vv=VM code, C=native code)
V  [libjvm.dylib+0x161309]
V  [libjvm.dylib+0x2abfb3]
V  [libjvm.dylib+0x2acdc8]
V  [libjvm.dylib+0x160770]
V  [libjvm.dylib+0x1ae1c0]
V  [libjvm.dylib+0x1b2014]
V  [libjvm.dylib+0x14fc9e]
V  [libjvm.dylib+0x1b55fa]
V  [libjvm.dylib+0x1b7b41]
V  [libjvm.dylib+0x5612d3]
V  [libjvm.dylib+0x5629ce]
V  [libjvm.dylib+0x48342e]
C  [libsystem_pthread.dylib+0x3c13]  _pthread_body+0x83
C  [libsystem_pthread.dylib+0x3b90]  _pthread_body+0x0
C  [libsystem_pthread.dylib+0x1375]  thread_start+0xd
C  0x0000000000000000


Current CompileTask:
C2:  20682 2973       4       com.android.dx.ssa.LocalVariableExtractor::processBlock (383 bytes)


---------------  P R O C E S S  ---------------

Java Threads: ( => current thread )
  0x00007fc2da80e000 JavaThread "Service Thread" daemon [_thread_blocked, id=18179, stack(0x0000700000dc1000,0x0000700000ec1000)]
  0x00007fc2da034800 JavaThread "C1 CompilerThread2" daemon [_thread_blocked, id=17667, stack(0x0000700000cbe000,0x0000700000dbe000)]
  0x00007fc2da80d800 JavaThread "C2 CompilerThread1" daemon [_thread_in_native, id=17155, stack(0x0000700000bbb000,0x0000700000cbb000)]
=>0x00007fc2da021800 JavaThread "C2 CompilerThread0" daemon [_thread_in_native, id=16643, stack(0x0000700000ab8000,0x0000700000bb8000)]
  0x00007fc2da80b000 JavaThread "Signal Dispatcher" daemon [_thread_blocked, id=16143, stack(0x00007000009b5000,0x0000700000ab5000)]
  0x00007fc2d981b000 JavaThread "Finalizer" daemon [_thread_blocked, id=12291, stack(0x000070000082f000,0x000070000092f000)]
  0x00007fc2d9808800 JavaThread "Reference Handler" daemon [_thread_blocked, id=11779, stack(0x000070000072c000,0x000070000082c000)]
  0x00007fc2da000000 JavaThread "main" [_thread_in_Java, id=5635, stack(0x0000700000097000,0x0000700000197000)]

Other Threads:
  0x00007fc2da801000 VMThread [stack: 0x0000700000629000,0x0000700000729000] [id=11267]
  0x00007fc2d9827000 WatcherThread [stack: 0x0000700000ec4000,0x0000700000fc4000] [id=18691]

VM state:not at safepoint (normal execution)

VM Mutex/Monitor currently owned by a thread: None

Heap:
 PSYoungGen      total 219136K, used 170968K [0x00000007aab00000, 0x00000007ba100000, 0x00000007c0000000)
  eden space 194048K, 76% used [0x00000007aab00000,0x00000007b3c35948,0x00000007b6880000)
  from space 25088K, 88% used [0x00000007b8380000,0x00000007b9940828,0x00000007b9c00000)
  to   space 27648K, 0% used [0x00000007b6880000,0x00000007b6880000,0x00000007b8380000)
 ParOldGen       total 131072K, used 33472K [0x0000000780000000, 0x0000000788000000, 0x00000007aab00000)
  object space 131072K, 25% used [0x0000000780000000,0x00000007820b0358,0x0000000788000000)
 Metaspace       used 6795K, capacity 7544K, committed 7680K, reserved 1056768K
  class space    used 637K, capacity 688K, committed 768K, reserved 1048576K

Card table byte_map: [0x00000001161c0000,0x00000001163c1000] byte_map_base: 0x00000001125c0000

Marking Bits: (ParMarkBitMap*) 0x0000000105d76e20
 Begin Bits: [0x00000001163c1000, 0x00000001173c1000)
 End Bits:   [0x00000001173c1000, 0x00000001183c1000)

Polling page: 0x0000000106468000

CodeCache: size=245760Kb used=8865Kb max_used=8865Kb free=236894Kb
 bounds [0x0000000106e00000, 0x00000001076b0000, 0x0000000115e00000]
 total_blobs=2703 nmethods=2434 adapters=182
 compilation: enabled

Compilation events (10 events):
Event: 20.644 Thread 0x00007fc2da034800 3487       2       com.android.dx.dex.code.CatchHandlerList::compareTo (89 bytes)
Event: 20.645 Thread 0x00007fc2da034800 nmethod 3487 0x00000001076a5b50 code [0x00000001076a5d00, 0x00000001076a6048]
Event: 20.645 Thread 0x00007fc2da034800 3486       2       com.android.dx.dex.code.CatchHandlerList::compareTo (9 bytes)
Event: 20.645 Thread 0x00007fc2da034800 nmethod 3486 0x00000001076a5790 code [0x00000001076a5900, 0x00000001076a5aa8]
Event: 20.645 Thread 0x00007fc2da034800 3488       2       com.android.dx.dex.code.CatchTable::get (9 bytes)
Event: 20.646 Thread 0x00007fc2da034800 nmethod 3488 0x00000001076a53d0 code [0x00000001076a5540, 0x00000001076a56e8]
Event: 20.646 Thread 0x00007fc2da034800 3490       2       com.android.dx.dex.code.CatchTable$Entry::<init> (66 bytes)
Event: 20.646 Thread 0x00007fc2da034800 nmethod 3490 0x00000001076a4cd0 code [0x00000001076a4e80, 0x00000001076a5208]
Event: 20.646 Thread 0x00007fc2da034800 3489       2       java.util.TreeMap$Entry::setValue (12 bytes)
Event: 20.646 Thread 0x00007fc2da034800 nmethod 3489 0x00000001076a4990 code [0x00000001076a4ae0, 0x00000001076a4c50]

GC Heap History (10 events):
Event: 6.959 GC heap before
{Heap before GC invocations=2 (full 0):
 PSYoungGen      total 57344K, used 57033K [0x00000007aab00000, 0x00000007aeb00000, 0x00000007c0000000)
  eden space 49152K, 100% used [0x00000007aab00000,0x00000007adb00000,0x00000007adb00000)
  from space 8192K, 96% used [0x00000007adb00000,0x00000007ae2b2420,0x00000007ae300000)
  to   space 8192K, 0% used [0x00000007ae300000,0x00000007ae300000,0x00000007aeb00000)
 ParOldGen       total 131072K, used 8K [0x0000000780000000, 0x0000000788000000, 0x00000007aab00000)
  object space 131072K, 0% used [0x0000000780000000,0x0000000780002000,0x0000000788000000)
 Metaspace       used 5911K, capacity 6896K, committed 7040K, reserved 1056768K
  class space    used 598K, capacity 616K, committed 640K, reserved 1048576K
Event: 6.990 GC heap after
Heap after GC invocations=2 (full 0):
 PSYoungGen      total 57344K, used 8191K [0x00000007aab00000, 0x00000007aeb00000, 0x00000007c0000000)
  eden space 49152K, 0% used [0x00000007aab00000,0x00000007aab00000,0x00000007adb00000)
  from space 8192K, 99% used [0x00000007ae300000,0x00000007aeafffa8,0x00000007aeb00000)
  to   space 8192K, 0% used [0x00000007adb00000,0x00000007adb00000,0x00000007ae300000)
 ParOldGen       total 131072K, used 4914K [0x0000000780000000, 0x0000000788000000, 0x00000007aab00000)
  object space 131072K, 3% used [0x0000000780000000,0x00000007804ccbc8,0x0000000788000000)
 Metaspace       used 5911K, capacity 6896K, committed 7040K, reserved 1056768K
  class space    used 598K, capacity 616K, committed 640K, reserved 1048576K
}
Event: 8.614 GC heap before
{Heap before GC invocations=3 (full 0):
 PSYoungGen      total 57344K, used 57343K [0x00000007aab00000, 0x00000007aeb00000, 0x00000007c0000000)
  eden space 49152K, 100% used [0x00000007aab00000,0x00000007adb00000,0x00000007adb00000)
  from space 8192K, 99% used [0x00000007ae300000,0x00000007aeafffa8,0x00000007aeb00000)
  to   space 8192K, 0% used [0x00000007adb00000,0x00000007adb00000,0x00000007ae300000)
 ParOldGen       total 131072K, used 4914K [0x0000000780000000, 0x0000000788000000, 0x00000007aab00000)
  object space 131072K, 3% used [0x0000000780000000,0x00000007804ccbc8,0x0000000788000000)
 Metaspace       used 5922K, capacity 6896K, committed 7040K, reserved 1056768K
  class space    used 598K, capacity 616K, committed 640K, reserved 1048576K
Event: 8.647 GC heap after
Heap after GC invocations=3 (full 0):
 PSYoungGen      total 57344K, used 8191K [0x00000007aab00000, 0x00000007b1b00000, 0x00000007c0000000)
  eden space 49152K, 0% used [0x00000007aab00000,0x00000007aab00000,0x00000007adb00000)
  from space 8192K, 99% used [0x00000007adb00000,0x00000007ae2fffa8,0x00000007ae300000)
  to   space 8192K, 0% used [0x00000007b1300000,0x00000007b1300000,0x00000007b1b00000)
 ParOldGen       total 131072K, used 11249K [0x0000000780000000, 0x0000000788000000, 0x00000007aab00000)
  object space 131072K, 8% used [0x0000000780000000,0x0000000780afc690,0x0000000788000000)
 Metaspace       used 5922K, capacity 6896K, committed 7040K, reserved 1056768K
  class space    used 598K, capacity 616K, committed 640K, reserved 1048576K
}
Event: 10.141 GC heap before
{Heap before GC invocations=4 (full 0):
 PSYoungGen      total 57344K, used 57343K [0x00000007aab00000, 0x00000007b1b00000, 0x00000007c0000000)
  eden space 49152K, 100% used [0x00000007aab00000,0x00000007adb00000,0x00000007adb00000)
  from space 8192K, 99% used [0x00000007adb00000,0x00000007ae2fffa8,0x00000007ae300000)
  to   space 8192K, 0% used [0x00000007b1300000,0x00000007b1300000,0x00000007b1b00000)
 ParOldGen       total 131072K, used 11249K [0x0000000780000000, 0x0000000788000000, 0x00000007aab00000)
  object space 131072K, 8% used [0x0000000780000000,0x0000000780afc690,0x0000000788000000)
 Metaspace       used 5981K, capacity 6896K, committed 7040K, reserved 1056768K
  class space    used 598K, capacity 616K, committed 640K, reserved 1048576K
Event: 10.181 GC heap after
Heap after GC invocations=4 (full 0):
 PSYoungGen      total 106496K, used 8188K [0x00000007aab00000, 0x00000007b1b00000, 0x00000007c0000000)
  eden space 98304K, 0% used [0x00000007aab00000,0x00000007aab00000,0x00000007b0b00000)
  from space 8192K, 99% used [0x00000007b1300000,0x00000007b1aff000,0x00000007b1b00000)
  to   space 8192K, 0% used [0x00000007b0b00000,0x00000007b0b00000,0x00000007b1300000)
 ParOldGen       total 131072K, used 18190K [0x0000000780000000, 0x0000000788000000, 0x00000007aab00000)
  object space 131072K, 13% used [0x0000000780000000,0x00000007811c3888,0x0000000788000000)
 Metaspace       used 5981K, capacity 6896K, committed 7040K, reserved 1056768K
  class space    used 598K, capacity 616K, committed 640K, reserved 1048576K
}
Event: 12.699 GC heap before
{Heap before GC invocations=5 (full 0):
 PSYoungGen      total 106496K, used 106492K [0x00000007aab00000, 0x00000007b1b00000, 0x00000007c0000000)
  eden space 98304K, 100% used [0x00000007aab00000,0x00000007b0b00000,0x00000007b0b00000)
  from space 8192K, 99% used [0x00000007b1300000,0x00000007b1aff000,0x00000007b1b00000)
  to   space 8192K, 0% used [0x00000007b0b00000,0x00000007b0b00000,0x00000007b1300000)
 ParOldGen       total 131072K, used 18190K [0x0000000780000000, 0x0000000788000000, 0x00000007aab00000)
  object space 131072K, 13% used [0x0000000780000000,0x00000007811c3888,0x0000000788000000)
 Metaspace       used 6110K, capacity 7024K, committed 7296K, reserved 1056768K
  class space    used 598K, capacity 616K, committed 640K, reserved 1048576K
Event: 12.851 GC heap after
Heap after GC invocations=5 (full 0):
 PSYoungGen      total 106496K, used 8174K [0x00000007aab00000, 0x00000007b9c00000, 0x00000007c0000000)
  eden space 98304K, 0% used [0x00000007aab00000,0x00000007aab00000,0x00000007b0b00000)
  from space 8192K, 99% used [0x00000007b0b00000,0x00000007b12fb858,0x00000007b1300000)
  to   space 25088K, 0% used [0x00000007b8380000,0x00000007b8380000,0x00000007b9c00000)
 ParOldGen       total 131072K, used 33472K [0x0000000780000000, 0x0000000788000000, 0x00000007aab00000)
  object space 131072K, 25% used [0x0000000780000000,0x00000007820b0358,0x0000000788000000)
 Metaspace       used 6110K, capacity 7024K, committed 7296K, reserved 1056768K
  class space    used 598K, capacity 616K, committed 640K, reserved 1048576K
}
Event: 15.097 GC heap before
{Heap before GC invocations=6 (full 0):
 PSYoungGen      total 106496K, used 106478K [0x00000007aab00000, 0x00000007b9c00000, 0x00000007c0000000)
  eden space 98304K, 100% used [0x00000007aab00000,0x00000007b0b00000,0x00000007b0b00000)
  from space 8192K, 99% used [0x00000007b0b00000,0x00000007b12fb858,0x00000007b1300000)
  to   space 25088K, 0% used [0x00000007b8380000,0x00000007b8380000,0x00000007b9c00000)
 ParOldGen       total 131072K, used 33472K [0x0000000780000000, 0x0000000788000000, 0x00000007aab00000)
  object space 131072K, 25% used [0x0000000780000000,0x00000007820b0358,0x0000000788000000)
 Metaspace       used 6366K, capacity 7192K, committed 7424K, reserved 1056768K
  class space    used 618K, capacity 656K, committed 768K, reserved 1048576K
Event: 15.423 GC heap after
Heap after GC invocations=6 (full 0):
 PSYoungGen      total 219136K, used 22274K [0x00000007aab00000, 0x00000007ba100000, 0x00000007c0000000)
  eden space 194048K, 0% used [0x00000007aab00000,0x00000007aab00000,0x00000007b6880000)
  from space 25088K, 88% used [0x00000007b8380000,0x00000007b9940828,0x00000007b9c00000)
  to   space 27648K, 0% used [0x00000007b6880000,0x00000007b6880000,0x00000007b8380000)
 ParOldGen       total 131072K, used 33472K [0x0000000780000000, 0x0000000788000000, 0x00000007aab00000)
  object space 131072K, 25% used [0x0000000780000000,0x00000007820b0358,0x0000000788000000)
 Metaspace       used 6366K, capacity 7192K, committed 7424K, reserved 1056768K
  class space    used 618K, capacity 656K, committed 768K, reserved 1048576K
}

Deoptimization events (10 events):
Event: 17.899 Thread 0x00007fc2da000000 Uncommon trap: reason=class_check action=maybe_recompile pc=0x00000001074025cc method=java.util.Arrays.hashCode([Ljava/lang/Object;)I @ 43
Event: 17.899 Thread 0x00007fc2da000000 Uncommon trap: reason=class_check action=maybe_recompile pc=0x00000001074025cc method=java.util.Arrays.hashCode([Ljava/lang/Object;)I @ 43
Event: 17.899 Thread 0x00007fc2da000000 Uncommon trap: reason=class_check action=maybe_recompile pc=0x0000000107278250 method=java.util.Arrays.hashCode([Ljava/lang/Object;)I @ 43
Event: 19.405 Thread 0x00007fc2da000000 Uncommon trap: reason=speculate_class_check action=maybe_recompile pc=0x0000000107120d50 method=com.android.dx.util.FixedSizeList.equals(Ljava/lang/Object;)Z @ 25
Event: 19.405 Thread 0x00007fc2da000000 Uncommon trap: reason=class_check action=maybe_recompile pc=0x00000001070ffd68 method=java.util.Arrays.equals([Ljava/lang/Object;[Ljava/lang/Object;)Z @ 62
Event: 19.405 Thread 0x00007fc2da000000 Uncommon trap: reason=speculate_class_check action=maybe_recompile pc=0x0000000107120d50 method=com.android.dx.util.FixedSizeList.equals(Ljava/lang/Object;)Z @ 25
Event: 19.405 Thread 0x00007fc2da000000 Uncommon trap: reason=class_check action=maybe_recompile pc=0x00000001070ffd68 method=java.util.Arrays.equals([Ljava/lang/Object;[Ljava/lang/Object;)Z @ 62
Event: 19.405 Thread 0x00007fc2da000000 Uncommon trap: reason=speculate_class_check action=maybe_recompile pc=0x0000000107120d50 method=com.android.dx.util.FixedSizeList.equals(Ljava/lang/Object;)Z @ 25
Event: 19.405 Thread 0x00007fc2da000000 Uncommon trap: reason=unstable_if action=reinterpret pc=0x00000001070ffda8 method=java.util.Arrays.equals([Ljava/lang/Object;[Ljava/lang/Object;)Z @ 23
Event: 19.406 Thread 0x00007fc2da000000 Uncommon trap: reason=speculate_class_check action=maybe_recompile pc=0x0000000107120d50 method=com.android.dx.util.FixedSizeList.equals(Ljava/lang/Object;)Z @ 25

Internal exceptions (10 events):
Event: 0.569 Thread 0x00007fc2da000000 Exception <a 'java/security/PrivilegedActionException'> (0x00000007aaba5170) thrown at [/Users/java_re/workspace/8-2-build-macosx-x86_64/jdk8u65/4987/hotspot/src/share/vm/prims/jvm.cpp, line 1386]
Event: 0.572 Thread 0x00007fc2da000000 Exception <a 'java/util/zip/ZipException'> (0x00000007aaba5ef0) thrown at [/Users/java_re/workspace/8-2-build-macosx-x86_64/jdk8u65/4987/hotspot/src/share/vm/prims/jni.cpp, line 709]
Event: 0.572 Thread 0x00007fc2da000000 Exception <a 'java/security/PrivilegedActionException'> (0x00000007aaba60f8) thrown at [/Users/java_re/workspace/8-2-build-macosx-x86_64/jdk8u65/4987/hotspot/src/share/vm/prims/jvm.cpp, line 1386]
Event: 0.572 Thread 0x00007fc2da000000 Exception <a 'java/security/PrivilegedActionException'> (0x00000007aaba6308) thrown at [/Users/java_re/workspace/8-2-build-macosx-x86_64/jdk8u65/4987/hotspot/src/share/vm/prims/jvm.cpp, line 1386]
Event: 0.597 Thread 0x00007fc2da000000 Exception <a 'java/util/zip/ZipException'> (0x00000007aabb7d10) thrown at [/Users/java_re/workspace/8-2-build-macosx-x86_64/jdk8u65/4987/hotspot/src/share/vm/prims/jni.cpp, line 709]
Event: 0.597 Thread 0x00007fc2da000000 Exception <a 'java/security/PrivilegedActionException'> (0x00000007aabb7f18) thrown at [/Users/java_re/workspace/8-2-build-macosx-x86_64/jdk8u65/4987/hotspot/src/share/vm/prims/jvm.cpp, line 1386]
Event: 0.597 Thread 0x00007fc2da000000 Exception <a 'java/security/PrivilegedActionException'> (0x00000007aabb8128) thrown at [/Users/java_re/workspace/8-2-build-macosx-x86_64/jdk8u65/4987/hotspot/src/share/vm/prims/jvm.cpp, line 1386]
Event: 13.461 Thread 0x00007fc2da0cb800 Exception <a 'java/lang/ArrayIndexOutOfBoundsException': 18> (0x00000007ac0f2260) thrown at [/Users/java_re/workspace/8-2-build-macosx-x86_64/jdk8u65/4987/hotspot/src/share/vm/interpreter/interpreterRuntime.cpp, line 366]
Event: 13.461 Thread 0x00007fc2da0cb800 Exception <a 'java/lang/ArrayIndexOutOfBoundsException': 145> (0x00000007ac0f3de0) thrown at [/Users/java_re/workspace/8-2-build-macosx-x86_64/jdk8u65/4987/hotspot/src/share/vm/interpreter/interpreterRuntime.cpp, line 366]
Event: 13.462 Thread 0x00007fc2da0cb800 Exception <a 'java/lang/ArrayIndexOutOfBoundsException': 40> (0x00000007ac0f50c8) thrown at [/Users/java_re/workspace/8-2-build-macosx-x86_64/jdk8u65/4987/hotspot/src/share/vm/interpreter/interpreterRuntime.cpp, line 366]

Events (10 events):
Event: 19.731 Thread 0x00007fc2da000000 DEOPT PACKING pc=0x000000010761b00d sp=0x0000700000196330
Event: 19.731 Thread 0x00007fc2da000000 DEOPT UNPACKING pc=0x0000000106e47633 sp=0x00007000001960a8 mode 0
Event: 19.734 Thread 0x00007fc2da000000 DEOPT PACKING pc=0x0000000107620f21 sp=0x0000700000196290
Event: 19.734 Thread 0x00007fc2da000000 DEOPT UNPACKING pc=0x0000000106e47633 sp=0x0000700000196038 mode 0
Event: 19.776 Thread 0x00007fc2da000000 DEOPT PACKING pc=0x0000000107612180 sp=0x0000700000196280
Event: 19.776 Thread 0x00007fc2da000000 DEOPT UNPACKING pc=0x0000000106e47633 sp=0x0000700000196000 mode 0
Event: 20.367 Thread 0x00007fc2da000000 DEOPT PACKING pc=0x000000010763a359 sp=0x0000700000196240
Event: 20.367 Thread 0x00007fc2da000000 DEOPT UNPACKING pc=0x0000000106e47633 sp=0x0000700000196068 mode 0
Event: 20.597 Thread 0x00007fc2da000000 DEOPT PACKING pc=0x0000000107617d3a sp=0x0000700000196120
Event: 20.597 Thread 0x00007fc2da000000 DEOPT UNPACKING pc=0x0000000106e47633 sp=0x0000700000195ec0 mode 0


Dynamic libraries:
0x000000000a318000 	/System/Library/Frameworks/Cocoa.framework/Versions/A/Cocoa
0x000000000a318000 	/System/Library/Frameworks/Security.framework/Versions/A/Security
0x000000000a318000 	/System/Library/Frameworks/ApplicationServices.framework/Versions/A/ApplicationServices
0x000000000a318000 	/usr/lib/libz.1.dylib
0x000000000a318000 	/usr/lib/libSystem.B.dylib
0x000000000a318000 	/usr/lib/libobjc.A.dylib
0x000000000a318000 	/System/Library/Frameworks/CoreFoundation.framework/Versions/A/CoreFoundation
0x000000000a318000 	/System/Library/Frameworks/Foundation.framework/Versions/C/Foundation
0x000000000a318000 	/System/Library/Frameworks/AppKit.framework/Versions/C/AppKit
0x000000000a318000 	/System/Library/Frameworks/CoreData.framework/Versions/A/CoreData
0x000000000a318000 	/System/Library/PrivateFrameworks/RemoteViewServices.framework/Versions/A/RemoteViewServices
0x000000000a318000 	/System/Library/PrivateFrameworks/UIFoundation.framework/Versions/A/UIFoundation
0x000000000a318000 	/usr/lib/libScreenReader.dylib
0x000000000a318000 	/System/Library/Frameworks/Accelerate.framework/Versions/A/Accelerate
0x000000000a318000 	/System/Library/Frameworks/IOSurface.framework/Versions/A/IOSurface
0x000000000a318000 	/System/Library/Frameworks/AudioToolbox.framework/Versions/A/AudioToolbox
0x000000000a318000 	/System/Library/Frameworks/AudioUnit.framework/Versions/A/AudioUnit
0x000000000a318000 	/System/Library/PrivateFrameworks/DataDetectorsCore.framework/Versions/A/DataDetectorsCore
0x000000000a318000 	/System/Library/PrivateFrameworks/DesktopServicesPriv.framework/Versions/A/DesktopServicesPriv
0x000000000a318000 	/System/Library/Frameworks/Carbon.framework/Versions/A/Frameworks/HIToolbox.framework/Versions/A/HIToolbox
0x000000000a318000 	/System/Library/Frameworks/QuartzCore.framework/Versions/A/QuartzCore
0x000000000a318000 	/System/Library/Frameworks/Carbon.framework/Versions/A/Frameworks/SpeechRecognition.framework/Versions/A/SpeechRecognition
0x000000000a318000 	/usr/lib/libauto.dylib
0x000000000a318000 	/usr/lib/libicucore.A.dylib
0x000000000a318000 	/usr/lib/libxml2.2.dylib
0x000000000a318000 	/System/Library/PrivateFrameworks/CoreUI.framework/Versions/A/CoreUI
0x000000000a318000 	/System/Library/Frameworks/CoreAudio.framework/Versions/A/CoreAudio
0x000000000a318000 	/System/Library/Frameworks/DiskArbitration.framework/Versions/A/DiskArbitration
0x000000000a318000 	/usr/lib/liblangid.dylib
0x000000000a318000 	/System/Library/PrivateFrameworks/MultitouchSupport.framework/Versions/A/MultitouchSupport
0x000000000a318000 	/System/Library/Frameworks/IOKit.framework/Versions/A/IOKit
0x000000000a318000 	/usr/lib/libDiagnosticMessagesClient.dylib
0x000000000a318000 	/System/Library/Frameworks/CoreServices.framework/Versions/A/CoreServices
0x000000000a318000 	/System/Library/PrivateFrameworks/PerformanceAnalysis.framework/Versions/A/PerformanceAnalysis
0x000000000a318000 	/System/Library/PrivateFrameworks/GenerationalStorage.framework/Versions/A/GenerationalStorage
0x000000000a318000 	/System/Library/Frameworks/OpenGL.framework/Versions/A/OpenGL
0x000000000a318000 	/System/Library/PrivateFrameworks/Sharing.framework/Versions/A/Sharing
0x000000000a318000 	/System/Library/Frameworks/CoreGraphics.framework/Versions/A/CoreGraphics
0x000000000a318000 	/System/Library/Frameworks/CoreImage.framework/Versions/A/CoreImage
0x000000000a318000 	/System/Library/Frameworks/CoreText.framework/Versions/A/CoreText
0x000000000a318000 	/System/Library/Frameworks/ImageIO.framework/Versions/A/ImageIO
0x000000000a318000 	/System/Library/PrivateFrameworks/Backup.framework/Versions/A/Backup
0x000000000a318000 	/usr/lib/libextension.dylib
0x000000000a318000 	/usr/lib/libarchive.2.dylib
0x000000000a318000 	/System/Library/Frameworks/CFNetwork.framework/Versions/A/CFNetwork
0x000000000a318000 	/System/Library/Frameworks/SystemConfiguration.framework/Versions/A/SystemConfiguration
0x000000000a318000 	/usr/lib/libCRFSuite.dylib
0x000000000a318000 	/usr/lib/libc++.1.dylib
0x000000000a318000 	/usr/lib/libc++abi.dylib
0x000000000a318000 	/usr/lib/system/libcache.dylib
0x000000000a318000 	/usr/lib/system/libcommonCrypto.dylib
0x000000000a318000 	/usr/lib/system/libcompiler_rt.dylib
0x000000000a318000 	/usr/lib/system/libcopyfile.dylib
0x000000000a318000 	/usr/lib/system/libcorecrypto.dylib
0x000000000a318000 	/usr/lib/system/libdispatch.dylib
0x000000000a318000 	/usr/lib/system/libdyld.dylib
0x000000000a318000 	/usr/lib/system/libkeymgr.dylib
0x000000000a318000 	/usr/lib/system/liblaunch.dylib
0x000000000a318000 	/usr/lib/system/libmacho.dylib
0x000000000a318000 	/usr/lib/system/libquarantine.dylib
0x000000000a318000 	/usr/lib/system/libremovefile.dylib
0x000000000a318000 	/usr/lib/system/libsystem_asl.dylib
0x000000000a318000 	/usr/lib/system/libsystem_blocks.dylib
0x000000000a318000 	/usr/lib/system/libsystem_c.dylib
0x000000000a318000 	/usr/lib/system/libsystem_configuration.dylib
0x000000000a318000 	/usr/lib/system/libsystem_coreservices.dylib
0x000000000a318000 	/usr/lib/system/libsystem_coretls.dylib
0x000000000a318000 	/usr/lib/system/libsystem_dnssd.dylib
0x000000000a318000 	/usr/lib/system/libsystem_info.dylib
0x000000000a318000 	/usr/lib/system/libsystem_kernel.dylib
0x000000000a318000 	/usr/lib/system/libsystem_m.dylib
0x000000000a318000 	/usr/lib/system/libsystem_malloc.dylib
0x000000000a318000 	/usr/lib/system/libsystem_network.dylib
0x000000000a318000 	/usr/lib/system/libsystem_networkextension.dylib
0x000000000a318000 	/usr/lib/system/libsystem_notify.dylib
0x000000000a318000 	/usr/lib/system/libsystem_platform.dylib
0x000000000a318000 	/usr/lib/system/libsystem_pthread.dylib
0x000000000a318000 	/usr/lib/system/libsystem_sandbox.dylib
0x000000000a318000 	/usr/lib/system/libsystem_secinit.dylib
0x000000000a318000 	/usr/lib/system/libsystem_trace.dylib
0x000000000a318000 	/usr/lib/system/libunc.dylib
0x000000000a318000 	/usr/lib/system/libunwind.dylib
0x000000000a318000 	/usr/lib/system/libxpc.dylib
0x000000000a318000 	/usr/lib/libenergytrace.dylib
0x000000000a318000 	/usr/lib/libbsm.0.dylib
0x000000000a318000 	/usr/lib/system/libkxld.dylib
0x000000000a318000 	/usr/lib/libxar.1.dylib
0x000000000a318000 	/usr/lib/libsqlite3.dylib
0x000000000a318000 	/usr/lib/libpam.2.dylib
0x000000000a318000 	/usr/lib/libOpenScriptingUtil.dylib
0x000000000a318000 	/usr/lib/libbz2.1.0.dylib
0x000000000a318000 	/usr/lib/liblzma.5.dylib
0x000000000a318000 	/System/Library/Frameworks/CoreServices.framework/Versions/A/Frameworks/FSEvents.framework/Versions/A/FSEvents
0x000000000a318000 	/System/Library/Frameworks/CoreServices.framework/Versions/A/Frameworks/CarbonCore.framework/Versions/A/CarbonCore
0x000000000a318000 	/System/Library/Frameworks/CoreServices.framework/Versions/A/Frameworks/Metadata.framework/Versions/A/Metadata
0x000000000a318000 	/System/Library/Frameworks/CoreServices.framework/Versions/A/Frameworks/OSServices.framework/Versions/A/OSServices
0x000000000a318000 	/System/Library/Frameworks/CoreServices.framework/Versions/A/Frameworks/SearchKit.framework/Versions/A/SearchKit
0x000000000a318000 	/System/Library/Frameworks/CoreServices.framework/Versions/A/Frameworks/AE.framework/Versions/A/AE
0x000000000a318000 	/System/Library/Frameworks/CoreServices.framework/Versions/A/Frameworks/LaunchServices.framework/Versions/A/LaunchServices
0x000000000a318000 	/System/Library/Frameworks/CoreServices.framework/Versions/A/Frameworks/DictionaryServices.framework/Versions/A/DictionaryServices
0x000000000a318000 	/System/Library/Frameworks/CoreServices.framework/Versions/A/Frameworks/SharedFileList.framework/Versions/A/SharedFileList
0x000000000a318000 	/System/Library/Frameworks/NetFS.framework/Versions/A/NetFS
0x000000000a318000 	/System/Library/PrivateFrameworks/NetAuth.framework/Versions/A/NetAuth
0x000000000a318000 	/System/Library/PrivateFrameworks/login.framework/Versions/A/Frameworks/loginsupport.framework/Versions/A/loginsupport
0x000000000a318000 	/System/Library/PrivateFrameworks/TCC.framework/Versions/A/TCC
0x000000000a318000 	/usr/lib/libmecabra.dylib
0x000000000a318000 	/System/Library/Frameworks/ApplicationServices.framework/Versions/A/Frameworks/ATS.framework/Versions/A/ATS
0x000000000a318000 	/System/Library/Frameworks/ApplicationServices.framework/Versions/A/Frameworks/ColorSync.framework/Versions/A/ColorSync
0x000000000a318000 	/System/Library/Frameworks/ApplicationServices.framework/Versions/A/Frameworks/HIServices.framework/Versions/A/HIServices
0x000000000a318000 	/System/Library/Frameworks/ApplicationServices.framework/Versions/A/Frameworks/LangAnalysis.framework/Versions/A/LangAnalysis
0x000000000a318000 	/System/Library/Frameworks/ApplicationServices.framework/Versions/A/Frameworks/PrintCore.framework/Versions/A/PrintCore
0x000000000a318000 	/System/Library/Frameworks/ApplicationServices.framework/Versions/A/Frameworks/QD.framework/Versions/A/QD
0x000000000a318000 	/System/Library/Frameworks/ApplicationServices.framework/Versions/A/Frameworks/SpeechSynthesis.framework/Versions/A/SpeechSynthesis
0x000000000a318000 	/System/Library/Frameworks/Metal.framework/Versions/A/Metal
0x000000000a318000 	/System/Library/Frameworks/Accelerate.framework/Versions/A/Frameworks/vImage.framework/Versions/A/vImage
0x000000000a318000 	/System/Library/Frameworks/Accelerate.framework/Versions/A/Frameworks/vecLib.framework/Versions/A/vecLib
0x000000000a318000 	/System/Library/Frameworks/Accelerate.framework/Versions/A/Frameworks/vecLib.framework/Versions/A/libvDSP.dylib
0x000000000a318000 	/System/Library/Frameworks/Accelerate.framework/Versions/A/Frameworks/vecLib.framework/Versions/A/libvMisc.dylib
0x000000000a318000 	/System/Library/Frameworks/Accelerate.framework/Versions/A/Frameworks/vecLib.framework/Versions/A/libLAPACK.dylib
0x000000000a318000 	/System/Library/Frameworks/Accelerate.framework/Versions/A/Frameworks/vecLib.framework/Versions/A/libBLAS.dylib
0x000000000a318000 	/System/Library/Frameworks/Accelerate.framework/Versions/A/Frameworks/vecLib.framework/Versions/A/libLinearAlgebra.dylib
0x000000000a318000 	/System/Library/Frameworks/Accelerate.framework/Versions/A/Frameworks/vecLib.framework/Versions/A/libSparseBLAS.dylib
0x000000000a318000 	/System/Library/PrivateFrameworks/GPUCompiler.framework/libmetal_timestamp.dylib
0x000000000a318000 	/System/Library/Frameworks/OpenGL.framework/Versions/A/Libraries/libCoreFSCache.dylib
0x000000000a318000 	/System/Library/PrivateFrameworks/IOAccelerator.framework/Versions/A/IOAccelerator
0x000000000a318000 	/System/Library/Frameworks/ApplicationServices.framework/Versions/A/Frameworks/ATS.framework/Versions/A/Resources/libFontParser.dylib
0x000000000a318000 	/System/Library/Frameworks/ApplicationServices.framework/Versions/A/Frameworks/ATS.framework/Versions/A/Resources/libFontRegistry.dylib
0x000000000a318000 	/System/Library/PrivateFrameworks/AppleVPA.framework/Versions/A/AppleVPA
0x000000000a318000 	/System/Library/PrivateFrameworks/AppleJPEG.framework/Versions/A/AppleJPEG
0x000000000a318000 	/System/Library/Frameworks/ImageIO.framework/Versions/A/Resources/libJPEG.dylib
0x000000000a318000 	/System/Library/Frameworks/ImageIO.framework/Versions/A/Resources/libTIFF.dylib
0x000000000a318000 	/System/Library/Frameworks/ImageIO.framework/Versions/A/Resources/libPng.dylib
0x000000000a318000 	/System/Library/Frameworks/ImageIO.framework/Versions/A/Resources/libGIF.dylib
0x000000000a318000 	/System/Library/Frameworks/ImageIO.framework/Versions/A/Resources/libJP2.dylib
0x000000000a318000 	/System/Library/Frameworks/ImageIO.framework/Versions/A/Resources/libRadiance.dylib
0x000000000a318000 	/System/Library/Frameworks/CoreVideo.framework/Versions/A/CoreVideo
0x000000000a318000 	/System/Library/Frameworks/OpenGL.framework/Versions/A/Libraries/libGLU.dylib
0x000000000a318000 	/System/Library/Frameworks/OpenGL.framework/Versions/A/Libraries/libGFXShared.dylib
0x000000000a318000 	/System/Library/Frameworks/OpenGL.framework/Versions/A/Libraries/libGL.dylib
0x000000000a318000 	/System/Library/Frameworks/OpenGL.framework/Versions/A/Libraries/libGLImage.dylib
0x000000000a318000 	/System/Library/Frameworks/OpenGL.framework/Versions/A/Libraries/libCVMSPluginSupport.dylib
0x000000000a318000 	/System/Library/Frameworks/OpenGL.framework/Versions/A/Libraries/libCoreVMClient.dylib
0x000000000a318000 	/usr/lib/libcups.2.dylib
0x000000000a318000 	/System/Library/Frameworks/Kerberos.framework/Versions/A/Kerberos
0x000000000a318000 	/System/Library/Frameworks/GSS.framework/Versions/A/GSS
0x000000000a318000 	/usr/lib/libresolv.9.dylib
0x000000000a318000 	/usr/lib/libiconv.2.dylib
0x000000000a318000 	/System/Library/PrivateFrameworks/Heimdal.framework/Versions/A/Heimdal
0x000000000a318000 	/usr/lib/libheimdal-asn1.dylib
0x000000000a318000 	/System/Library/Frameworks/OpenDirectory.framework/Versions/A/OpenDirectory
0x000000000a318000 	/System/Library/PrivateFrameworks/CommonAuth.framework/Versions/A/CommonAuth
0x000000000a318000 	/System/Library/Frameworks/OpenDirectory.framework/Versions/A/Frameworks/CFOpenDirectory.framework/Versions/A/CFOpenDirectory
0x000000000a318000 	/System/Library/Frameworks/SecurityFoundation.framework/Versions/A/SecurityFoundation
0x000000000a318000 	/System/Library/PrivateFrameworks/LanguageModeling.framework/Versions/A/LanguageModeling
0x000000000a318000 	/usr/lib/libmarisa.dylib
0x000000000a318000 	/usr/lib/libChineseTokenizer.dylib
0x000000000a318000 	/usr/lib/libcmph.dylib
0x000000000a318000 	/usr/lib/libcompression.dylib
0x000000000a318000 	/System/Library/Frameworks/ServiceManagement.framework/Versions/A/ServiceManagement
0x000000000a318000 	/usr/lib/libxslt.1.dylib
0x000000000a318000 	/System/Library/Frameworks/Carbon.framework/Versions/A/Frameworks/Ink.framework/Versions/A/Ink
0x000000000a318000 	/usr/lib/libFosl_dynamic.dylib
0x000000000a318000 	/System/Library/PrivateFrameworks/FaceCore.framework/Versions/A/FaceCore
0x000000000a318000 	/System/Library/Frameworks/OpenCL.framework/Versions/A/OpenCL
0x000000000a318000 	/System/Library/PrivateFrameworks/CrashReporterSupport.framework/Versions/A/CrashReporterSupport
0x000000000a318000 	/System/Library/PrivateFrameworks/IconServices.framework/Versions/A/IconServices
0x000000000a318000 	/System/Library/PrivateFrameworks/Apple80211.framework/Versions/A/Apple80211
0x000000000a318000 	/System/Library/Frameworks/CoreWLAN.framework/Versions/A/CoreWLAN
0x000000000a318000 	/System/Library/Frameworks/IOBluetooth.framework/Versions/A/IOBluetooth
0x000000000a318000 	/System/Library/PrivateFrameworks/CoreWiFi.framework/Versions/A/CoreWiFi
0x000000000a318000 	/System/Library/Frameworks/CoreBluetooth.framework/Versions/A/CoreBluetooth
0x000000000a318000 	/System/Library/PrivateFrameworks/ChunkingLibrary.framework/Versions/A/ChunkingLibrary
0x000000000a318000 	/System/Library/PrivateFrameworks/DebugSymbols.framework/Versions/A/DebugSymbols
0x000000000a318000 	/System/Library/PrivateFrameworks/CoreSymbolication.framework/Versions/A/CoreSymbolication
0x000000000a318000 	/System/Library/PrivateFrameworks/Symbolication.framework/Versions/A/Symbolication
0x000000000a318000 	/System/Library/PrivateFrameworks/SpeechRecognitionCore.framework/Versions/A/SpeechRecognitionCore
0x0000000105498000 	/Library/Java/JavaVirtualMachines/jdk1.8.0_65.jdk/Contents/Home/jre/lib/server/libjvm.dylib
0x000000000a318000 	/usr/lib/libstdc++.6.dylib
0x0000000106425000 	/Library/Java/JavaVirtualMachines/jdk1.8.0_65.jdk/Contents/Home/jre/lib/libverify.dylib
0x0000000106433000 	/Library/Java/JavaVirtualMachines/jdk1.8.0_65.jdk/Contents/Home/jre/lib/libjava.dylib
0x0000000106472000 	/Library/Java/JavaVirtualMachines/jdk1.8.0_65.jdk/Contents/Home/jre/lib/libzip.dylib
0x000000011a08f000 	/System/Library/Frameworks/JavaVM.framework/Frameworks/JavaRuntimeSupport.framework/JavaRuntimeSupport
0x00000001065e6000 	/System/Library/Frameworks/JavaVM.framework/Versions/A/Frameworks/JavaNativeFoundation.framework/Versions/A/JavaNativeFoundation
0x000000011a0aa000 	/System/Library/Frameworks/JavaVM.framework/Versions/A/JavaVM
0x000000000a318000 	/System/Library/Frameworks/Carbon.framework/Versions/A/Carbon
0x000000011a0b7000 	/System/Library/PrivateFrameworks/JavaLaunching.framework/Versions/A/JavaLaunching
0x000000000a318000 	/System/Library/Frameworks/Carbon.framework/Versions/A/Frameworks/CommonPanels.framework/Versions/A/CommonPanels
0x000000000a318000 	/System/Library/Frameworks/Carbon.framework/Versions/A/Frameworks/Help.framework/Versions/A/Help
0x000000000a318000 	/System/Library/Frameworks/Carbon.framework/Versions/A/Frameworks/ImageCapture.framework/Versions/A/ImageCapture
0x000000000a318000 	/System/Library/Frameworks/Carbon.framework/Versions/A/Frameworks/OpenScripting.framework/Versions/A/OpenScripting
0x000000000a318000 	/System/Library/Frameworks/Carbon.framework/Versions/A/Frameworks/Print.framework/Versions/A/Print
0x000000000a318000 	/System/Library/Frameworks/Carbon.framework/Versions/A/Frameworks/SecurityHI.framework/Versions/A/SecurityHI

VM Arguments:
jvm_args: -Djava.awt.headless=true -Xmx1024M -Dfile.encoding=UTF-8 -Duser.country=US -Duser.language=en -Duser.variant 
java_command: com.android.dx.command.Main --dex --num-threads=4 --output /Users/UdayaSri/Desktop/AndroidHiveTest/app/build/intermediates/pre-dexed/debug/com.android.support-support-v4-23.1.1_88e1db5439f9df14726d10366c29761db79b0c17.jar /Users/UdayaSri/Desktop/AndroidHiveTest/app/build/intermediates/exploded-aar/com.android.support/support-v4/23.1.1/jars/classes.jar
java_class_path (initial): /Users/UdayaSri/Library/Android/sdk/build-tools/23.0.2/lib/dx.jar
Launcher Type: SUN_STANDARD

Environment Variables:
PATH=/usr/bin:/bin:/usr/sbin:/sbin
SHELL=/bin/bash

Signal Handlers:
SIGSEGV: [libjvm.dylib+0x5a6d31], sa_mask[0]=11111111011111110111111111111111, sa_flags=SA_ONSTACK|SA_RESTART|SA_SIGINFO
SIGBUS: [libjvm.dylib+0x5a6d31], sa_mask[0]=11111111011111110111111111111111, sa_flags=SA_RESTART|SA_SIGINFO
SIGFPE: [libjvm.dylib+0x480a40], sa_mask[0]=11111111011111110111111111111111, sa_flags=SA_RESTART|SA_SIGINFO
SIGPIPE: [libjvm.dylib+0x480a40], sa_mask[0]=11111111011111110111111111111111, sa_flags=SA_RESTART|SA_SIGINFO
SIGXFSZ: [libjvm.dylib+0x480a40], sa_mask[0]=11111111011111110111111111111111, sa_flags=SA_RESTART|SA_SIGINFO
SIGILL: [libjvm.dylib+0x480a40], sa_mask[0]=11111111011111110111111111111111, sa_flags=SA_RESTART|SA_SIGINFO
SIGUSR1: SIG_DFL, sa_mask[0]=00000000000000000000000000000000, sa_flags=none
SIGUSR2: [libjvm.dylib+0x48055e], sa_mask[0]=00100000000000000000000000000000, sa_flags=SA_RESTART|SA_SIGINFO
SIGHUP: [libjvm.dylib+0x47eb35], sa_mask[0]=11111111011111110111111111111111, sa_flags=SA_RESTART|SA_SIGINFO
SIGINT: [libjvm.dylib+0x47eb35], sa_mask[0]=11111111011111110111111111111111, sa_flags=SA_RESTART|SA_SIGINFO
SIGTERM: [libjvm.dylib+0x47eb35], sa_mask[0]=11111111011111110111111111111111, sa_flags=SA_RESTART|SA_SIGINFO
SIGQUIT: [libjvm.dylib+0x47eb35], sa_mask[0]=11111111011111110111111111111111, sa_flags=SA_RESTART|SA_SIGINFO


---------------  S Y S T E M  ---------------

OS:Bsduname:Darwin 15.2.0 Darwin Kernel Version 15.2.0: Fri Nov 13 19:56:56 PST 2015; root:xnu-3248.20.55~2/RELEASE_X86_64 x86_64
rlimit: STACK 8192k, CORE 0k, NPROC 709, NOFILE 10240, AS infinity
load average:30.25 10.27 6.93

CPU:total 4 (2 cores per cpu, 2 threads per core) family 6 model 42 stepping 7, cmov, cx8, fxsr, mmx, sse, sse2, sse3, ssse3, sse4.1, sse4.2, popcnt, avx, aes, clmul, ht, tsc, tscinvbit

Memory: 4k page, physical 12582912k(295584k free)

/proc/meminfo:


vm_info: Java HotSpot(TM) 64-Bit Server VM (25.65-b01) for bsd-amd64 JRE (1.8.0_65-b17), built on Oct  6 2015 15:36:46 by "java_re" with gcc 4.2.1 (Based on Apple Inc. build 5658) (LLVM build 2336.11.00)

time: Sat Dec 19 10:30:38 2015
elapsed time: 20 seconds (0d 0h 0m 20s)

